app/build/intermediates/manifest_merge_blame_file/debug/manifest-merger-blame-debug-report.txt
1<?xml version="1.0" encoding="utf-8"?>
2<manifest xmlns:android="http://schemas.android.com/apk/res/android"
3    package="ie.neil.taverner"
4    android:versionCode="1"
5    android:versionName="1.0" >
6
7    <uses-sdk
8        android:minSdkVersion="30"
9        android:targetSdkVersion="34" />
10
11    <queries>
11-->src/main/AndroidManifest.xml:3:5-19:15
12        <intent>
12-->src/main/AndroidManifest.xml:4:9-6:18
13            <action android:name="androidx.media3.session.MediaSessionService" />
13-->src/main/AndroidManifest.xml:5:13-82
13-->src/main/AndroidManifest.xml:5:21-79
14        </intent>
15        <intent>
15-->src/main/AndroidManifest.xml:7:9-9:18
16            <action android:name="androidx.media3.session.MediaLibraryService" />
16-->src/main/AndroidManifest.xml:8:13-82
16-->src/main/AndroidManifest.xml:8:21-79
17        </intent>
18        <intent>
18-->src/main/AndroidManifest.xml:10:9-12:18
19            <action android:name="androidx.media3.session.MediaBrowserService" />
19-->src/main/AndroidManifest.xml:11:13-82
19-->src/main/AndroidManifest.xml:11:21-79
20        </intent>
21        <intent>
21-->src/main/AndroidManifest.xml:13:9-15:18
22            <action android:name="android.media.browse.MediaBrowserService" />
22-->src/main/AndroidManifest.xml:14:13-79
22-->src/main/AndroidManifest.xml:14:21-76
23        </intent>
24        <intent>
24-->src/main/AndroidManifest.xml:16:9-18:18
25            <action android:name="android.media.browse.MediaBrowserServiceCompat" />
25-->src/main/AndroidManifest.xml:17:13-85
25-->src/main/AndroidManifest.xml:17:21-82
26        </intent>
27    </queries>
28
29    <uses-permission
29-->src/main/AndroidManifest.xml:21:5-95
30        android:name="android.permission.BLUETOOTH"
30-->src/main/AndroidManifest.xml:21:22-65
31        android:maxSdkVersion="30" />
31-->src/main/AndroidManifest.xml:21:66-92
32    <uses-permission android:name="android.permission.BLUETOOTH_CONNECT" />
32-->src/main/AndroidManifest.xml:22:5-76
32-->src/main/AndroidManifest.xml:22:22-73
33    <uses-permission android:name="android.permission.FOREGROUND_SERVICE" />
33-->src/main/AndroidManifest.xml:23:5-77
33-->src/main/AndroidManifest.xml:23:22-74
34    <uses-permission android:name="android.permission.FOREGROUND_SERVICE_MEDIA_PLAYBACK" />
34-->src/main/AndroidManifest.xml:24:5-92
34-->src/main/AndroidManifest.xml:24:22-89
35    <uses-permission android:name="android.permission.POST_NOTIFICATIONS" />
35-->src/main/AndroidManifest.xml:25:5-77
35-->src/main/AndroidManifest.xml:25:22-74
36    <uses-permission android:name="android.permission.READ_MEDIA_AUDIO" />
36-->src/main/AndroidManifest.xml:26:5-75
36-->src/main/AndroidManifest.xml:26:22-72
37    <uses-permission
37-->src/main/AndroidManifest.xml:27:5-107
38        android:name="android.permission.READ_EXTERNAL_STORAGE"
38-->src/main/AndroidManifest.xml:27:22-77
39        android:maxSdkVersion="32" />
39-->src/main/AndroidManifest.xml:27:78-104
40    <uses-permission android:name="android.permission.ACCESS_NETWORK_STATE" />
40-->[androidx.media3:media3-exoplayer:1.3.1] AndroidManifest.xml:22:5-79
40-->[androidx.media3:media3-exoplayer:1.3.1] AndroidManifest.xml:22:22-76
41
42    <permission
42-->[androidx.core:core:1.12.0] AndroidManifest.xml:22:5-24:47
43        android:name="ie.neil.taverner.DYNAMIC_RECEIVER_NOT_EXPORTED_PERMISSION"
43-->[androidx.core:core:1.12.0] AndroidManifest.xml:23:9-81
44        android:protectionLevel="signature" />
44-->[androidx.core:core:1.12.0] AndroidManifest.xml:24:9-44
45
46    <uses-permission android:name="ie.neil.taverner.DYNAMIC_RECEIVER_NOT_EXPORTED_PERMISSION" />
46-->[androidx.core:core:1.12.0] AndroidManifest.xml:26:5-97
46-->[androidx.core:core:1.12.0] AndroidManifest.xml:26:22-94
47
48    <application
48-->src/main/AndroidManifest.xml:29:5-55:19
49        android:allowBackup="true"
49-->src/main/AndroidManifest.xml:30:9-35
50        android:appComponentFactory="androidx.core.app.CoreComponentFactory"
50-->[androidx.core:core:1.12.0] AndroidManifest.xml:28:18-86
51        android:debuggable="true"
52        android:extractNativeLibs="false"
53        android:icon="@drawable/ic_launcher"
53-->src/main/AndroidManifest.xml:32:9-45
54        android:label="@string/app_name"
54-->src/main/AndroidManifest.xml:31:9-41
55        android:roundIcon="@drawable/ic_launcher"
55-->src/main/AndroidManifest.xml:33:9-50
56        android:supportsRtl="true"
56-->src/main/AndroidManifest.xml:34:9-35
57        android:testOnly="true"
58        android:theme="@style/Theme.Taverner" >
58-->src/main/AndroidManifest.xml:35:9-46
59        <activity
59-->src/main/AndroidManifest.xml:37:9-44:20
60            android:name="ie.neil.taverner.MainActivity"
60-->src/main/AndroidManifest.xml:38:13-41
61            android:exported="true" >
61-->src/main/AndroidManifest.xml:39:13-36
62            <intent-filter>
62-->src/main/AndroidManifest.xml:40:13-43:29
63                <action android:name="android.intent.action.MAIN" />
63-->src/main/AndroidManifest.xml:41:17-69
63-->src/main/AndroidManifest.xml:41:25-66
64
65                <category android:name="android.intent.category.LAUNCHER" />
65-->src/main/AndroidManifest.xml:42:17-77
65-->src/main/AndroidManifest.xml:42:27-74
66            </intent-filter>
67        </activity>
68
69        <service
69-->src/main/AndroidManifest.xml:46:9-53:19
70            android:name="ie.neil.taverner.PlaybackService"
70-->src/main/AndroidManifest.xml:47:13-60
71            android:exported="true"
71-->src/main/AndroidManifest.xml:48:13-36
72            android:foregroundServiceType="mediaPlayback" >
72-->src/main/AndroidManifest.xml:49:13-58
73            <intent-filter>
73-->src/main/AndroidManifest.xml:50:13-52:29
74                <action android:name="androidx.media3.session.MediaSessionService" />
74-->src/main/AndroidManifest.xml:5:13-82
74-->src/main/AndroidManifest.xml:5:21-79
75            </intent-filter>
76        </service>
77
78        <provider
78-->[androidx.emoji2:emoji2:1.2.0] AndroidManifest.xml:24:9-32:20
79            android:name="androidx.startup.InitializationProvider"
79-->[androidx.emoji2:emoji2:1.2.0] AndroidManifest.xml:25:13-67
80            android:authorities="ie.neil.taverner.androidx-startup"
80-->[androidx.emoji2:emoji2:1.2.0] AndroidManifest.xml:26:13-68
81            android:exported="false" >
81-->[androidx.emoji2:emoji2:1.2.0] AndroidManifest.xml:27:13-37
82            <meta-data
82-->[androidx.emoji2:emoji2:1.2.0] AndroidManifest.xml:29:13-31:52
83                android:name="androidx.emoji2.text.EmojiCompatInitializer"
83-->[androidx.emoji2:emoji2:1.2.0] AndroidManifest.xml:30:17-75
84                android:value="androidx.startup" />
84-->[androidx.emoji2:emoji2:1.2.0] AndroidManifest.xml:31:17-49
85            <meta-data
85-->[androidx.lifecycle:lifecycle-process:2.7.0] AndroidManifest.xml:29:13-31:52
86                android:name="androidx.lifecycle.ProcessLifecycleInitializer"
86-->[androidx.lifecycle:lifecycle-process:2.7.0] AndroidManifest.xml:30:17-78
87                android:value="androidx.startup" />
87-->[androidx.lifecycle:lifecycle-process:2.7.0] AndroidManifest.xml:31:17-49
88            <meta-data
88-->[androidx.profileinstaller:profileinstaller:1.3.0] AndroidManifest.xml:29:13-31:52
89                android:name="androidx.profileinstaller.ProfileInstallerInitializer"
89-->[androidx.profileinstaller:profileinstaller:1.3.0] AndroidManifest.xml:30:17-85
90                android:value="androidx.startup" />
90-->[androidx.profileinstaller:profileinstaller:1.3.0] AndroidManifest.xml:31:17-49
91        </provider>
92
93        <receiver
93-->[androidx.profileinstaller:profileinstaller:1.3.0] AndroidManifest.xml:34:9-52:20
94            android:name="androidx.profileinstaller.ProfileInstallReceiver"
94-->[androidx.profileinstaller:profileinstaller:1.3.0] AndroidManifest.xml:35:13-76
95            android:directBootAware="false"
95-->[androidx.profileinstaller:profileinstaller:1.3.0] AndroidManifest.xml:36:13-44
96            android:enabled="true"
96-->[androidx.profileinstaller:profileinstaller:1.3.0] AndroidManifest.xml:37:13-35
97            android:exported="true"
97-->[androidx.profileinstaller:profileinstaller:1.3.0] AndroidManifest.xml:38:13-36
98            android:permission="android.permission.DUMP" >
98-->[androidx.profileinstaller:profileinstaller:1.3.0] AndroidManifest.xml:39:13-57
99            <intent-filter>
99-->[androidx.profileinstaller:profileinstaller:1.3.0] AndroidManifest.xml:40:13-42:29
100                <action android:name="androidx.profileinstaller.action.INSTALL_PROFILE" />
100-->[androidx.profileinstaller:profileinstaller:1.3.0] AndroidManifest.xml:41:17-91
100-->[androidx.profileinstaller:profileinstaller:1.3.0] AndroidManifest.xml:41:25-88
101            </intent-filter>
102            <intent-filter>
102-->[androidx.profileinstaller:profileinstaller:1.3.0] AndroidManifest.xml:43:13-45:29
103                <action android:name="androidx.profileinstaller.action.SKIP_FILE" />
103-->[androidx.profileinstaller:profileinstaller:1.3.0] AndroidManifest.xml:44:17-85
103-->[androidx.profileinstaller:profileinstaller:1.3.0] AndroidManifest.xml:44:25-82
104            </intent-filter>
105            <intent-filter>
105-->[androidx.profileinstaller:profileinstaller:1.3.0] AndroidManifest.xml:46:13-48:29
106                <action android:name="androidx.profileinstaller.action.SAVE_PROFILE" />
106-->[androidx.profileinstaller:profileinstaller:1.3.0] AndroidManifest.xml:47:17-88
106-->[androidx.profileinstaller:profileinstaller:1.3.0] AndroidManifest.xml:47:25-85
107            </intent-filter>
108            <intent-filter>
108-->[androidx.profileinstaller:profileinstaller:1.3.0] AndroidManifest.xml:49:13-51:29
109                <action android:name="androidx.profileinstaller.action.BENCHMARK_OPERATION" />
109-->[androidx.profileinstaller:profileinstaller:1.3.0] AndroidManifest.xml:50:17-95
109-->[androidx.profileinstaller:profileinstaller:1.3.0] AndroidManifest.xml:50:25-92
110            </intent-filter>
111        </receiver>
112    </application>
113
114</manifest>